<?xml version="1.0" encoding="UTF-8"?>
<!-- Generated by org.testng.reporters.JUnitXMLReporter -->
<testsuite ignored="0" hostname="Tohidurs-MacBook-Air.local" failures="0" tests="4" name="Default test" time="0.108" errors="0" timestamp="2022-07-25T13:28:39 BST">
  <testcase classname="QA01.GitA.WithNG" name="testFour" time="0.013"/>
  <testcase classname="QA01.GitA.WithNG" name="testOne" time="0.002"/>
  <testcase classname="QA01.GitA.WithNG" name="testThree" time="0.002"/>
  <testcase classname="QA01.GitA.WithNG" name="testTwo" time="0.003"/>
</testsuite> <!-- Default test -->
