<?xml version="1.0" encoding="UTF-8"?>
<testng-results ignored="0" total="2" passed="2" failed="0" skipped="0">
  <reporter-output>
  </reporter-output>
  <suite started-at="2022-08-24T15:17:35 BST" name="Default suite" finished-at="2022-08-24T15:18:00 BST" duration-ms="24404">
    <groups>
    </groups>
    <test started-at="2022-08-24T15:17:35 BST" name="Default test" finished-at="2022-08-24T15:18:00 BST" duration-ms="24404">
      <class name="com.qa.Selenium.DropDownBootAuto">
        <test-method signature="auto_Suggestive_DropDown()[pri:0, instance:com.qa.Selenium.DropDownBootAuto@b62d79]" started-at="2022-08-24T15:17:35 BST" name="auto_Suggestive_DropDown" finished-at="2022-08-24T15:17:57 BST" duration-ms="21491" status="PASS">
          <reporter-output>
          </reporter-output>
        </test-method> <!-- auto_Suggestive_DropDown -->
        <test-method signature="boot_Streap_DropDown()[pri:0, instance:com.qa.Selenium.DropDownBootAuto@b62d79]" started-at="2022-08-24T15:17:57 BST" name="boot_Streap_DropDown" finished-at="2022-08-24T15:18:00 BST" duration-ms="2860" status="PASS">
          <reporter-output>
          </reporter-output>
        </test-method> <!-- boot_Streap_DropDown -->
      </class> <!-- com.qa.Selenium.DropDownBootAuto -->
    </test> <!-- Default test -->
  </suite> <!-- Default suite -->
</testng-results>
